Resource Usage Report for top 

Mapping to part: m2s010tq144std
Cell usage:
CCC             1 use
CLKINT          2 uses
RCOSC_25_50MHZ  1 use
CFG1           6 uses
CFG2           40 uses
CFG3           42 uses
CFG4           77 uses

Carry primitives used for arithmetic functions:
ARI1           30 uses


Sequential Cells: 
SLE            124 uses

DSP Blocks:    0

I/O ports: 4
I/O primitives: 4
INBUF          1 use
OUTBUF         3 uses


Global Clock Buffers: 2


Total LUTs:    195

Extra resources required for RAM and MACC interface logic during P&R:

RAM64x18 Interface Logic : SLEs = 36; LUTs = 36;
RAM1K18  Interface Logic : SLEs = 0; LUTs = 0;
MACC     Interface Logic : SLEs = 0; LUTs = 0;

Total number of SLEs after P&R:  124 + 36 + 0 + 0 = 160;
Total number of LUTs after P&R:  195 + 36 + 0 + 0 = 231;

